<?xml version="1.0" encoding="UTF-8"?>
<testng-results ignored="0" total="1" passed="1" failed="0" skipped="0">
  <reporter-output>
  </reporter-output>
  <suite started-at="2022-10-18T14:36:35 IST" name="Default suite" finished-at="2022-10-18T14:37:32 IST" duration-ms="56078">
    <groups>
    </groups>
    <test started-at="2022-10-18T14:36:35 IST" name="Default test" finished-at="2022-10-18T14:37:32 IST" duration-ms="56078">
      <class name="com.testing.ECommerceAutomation">
        <test-method is-config="true" signature="beforeTest()[pri:0, instance:com.testing.ECommerceAutomation@3eb7fc54]" started-at="2022-10-18T14:36:35 IST" name="beforeTest" finished-at="2022-10-18T14:36:35 IST" duration-ms="10" status="PASS">
          <reporter-output>
          </reporter-output>
        </test-method> <!-- beforeTest -->
        <test-method signature="executeChromeTest()[pri:0, instance:com.testing.ECommerceAutomation@3eb7fc54]" started-at="2022-10-18T14:36:35 IST" name="executeChromeTest" finished-at="2022-10-18T14:37:32 IST" duration-ms="56034" status="PASS">
          <reporter-output>
          </reporter-output>
        </test-method> <!-- executeChromeTest -->
      </class> <!-- com.testing.ECommerceAutomation -->
    </test> <!-- Default test -->
  </suite> <!-- Default suite -->
</testng-results>
